<?xml version="1.0" encoding="UTF-8"?>
<!-- Generated by org.testng.reporters.JUnitReportReporter -->
<testsuite hostname="BHANU-LAPTOP" failures="0" tests="1" name="day21.Demo1" time="18.701" errors="0" timestamp="16 Jun 2023 07:23:36 GMT" skipped="0">
  <testcase classname="day21.Demo1" name="testA" time="18.701"/>
</testsuite> <!-- day21.Demo1 -->
